INFO:src.app:[Graph] SITE_ID=netorg3699775.sharepoint.com,103714b0-f308-4d0e-8a9b-51e7ba05b7af,e5e81a27-8432-4e2f-b850-0f1686012c2f | DRIVE_ID=b!sBQ3EAjzDk2Km1HnugW3ryca6OUyhC9OuFAPFoYBLC9tgACV_95uSr4RaGPp3dey
INFO:src.app:ROUTE /<path:filename> -> static
INFO:src.app:ROUTE /oc/select -> oc.oc_select
INFO:src.app:ROUTE /oc/debug -> oc.oc_debug
INFO:src.app:ROUTE /oc/ping -> oc.oc_ping
INFO:src.app:ROUTE /api/ocr/despacho -> ocr.ocr_despacho
INFO:src.app:ROUTE /api/ocr/factura -> ocr.ocr_factura
INFO:src.app:ROUTE /api/despachos/<int:despacho_id> -> despachos.eliminar_despacho
INFO:src.app:ROUTE /api/despachos/links-count -> despachos.despachos_links_count
INFO:src.app:ROUTE /api/despachos/exists -> despachos.despacho_existe
INFO:src.app:ROUTE /api/tipos-gasto -> despachos.obtener_tipos_gasto
INFO:src.app:ROUTE /api/despachos -> despachos.obtener_despachos
INFO:src.app:ROUTE /api/despachos/search -> despachos.search_despachos
INFO:src.app:ROUTE /api/despachos -> despachos.crear_despacho
INFO:src.app:ROUTE /api/despachos/<int:despacho_id> -> despachos.obtener_despacho_por_id
INFO:src.app:ROUTE /api/despachos/<int:despacho_id> -> despachos.actualizar_despacho
INFO:src.app:ROUTE /api/despachos/list -> despachos.obtener_lista_despachos
INFO:src.app:ROUTE /api/despachos/<string:nro>/resumen-gasto -> despachos.get_resumen_gasto
INFO:src.app:ROUTE /api/despachos/<string:nro>/recalc -> despachos.recalc_un_despacho
INFO:src.app:ROUTE /api/resumen/rebuild -> despachos.rebuild_global
INFO:src.app:ROUTE /api/despachos/<string:nro>/facturas -> despachos.get_facturas_por_despacho
INFO:src.app:ROUTE /api/despachos/<int:despacho_id>/facturas-linked -> despachos.get_facturas_linked_por_despacho
INFO:src.app:ROUTE /api/facturas/with-links -> facturas.facturas_with_links
INFO:src.app:ROUTE /api/facturas/links-count -> facturas.facturas_links_count
INFO:src.app:ROUTE /api/facturas -> facturas.obtener_facturas
INFO:src.app:ROUTE /api/facturas/<int:factura_id> -> facturas.obtener_factura_por_id
INFO:src.app:ROUTE /api/facturas/<int:factura_id>/full -> facturas.get_factura_full
INFO:src.app:ROUTE /api/facturas/<int:factura_id> -> facturas.actualizar_factura
INFO:src.app:ROUTE /api/facturas -> facturas.crear_factura
INFO:src.app:ROUTE /api/facturas/<int:factura_id> -> facturas.eliminar_factura
INFO:src.app:ROUTE /api/facturas/<int:factura_id>/despachos -> facturas.get_despachos_de_factura
INFO:src.app:ROUTE /api/facturas/<int:factura_id>/despachos -> facturas.set_despachos_de_factura
INFO:src.app:ROUTE /api/facturas/<int:factura_id>/despachos/<int:despacho_id> -> facturas.remove_link
INFO:src.app:ROUTE /api/despachos/<int:despacho_id>/facturas-linked -> facturas.get_facturas_linked_por_despacho
INFO:src.app:ROUTE /zf/grupos -> zf.zf_grupos
INFO:src.app:ROUTE /zf/zfis -> zf.zf_list_zfis
INFO:src.app:ROUTE /zf/grupos -> zf.zf_create_group
INFO:src.app:ROUTE /zf/grupos/<int:group_id>/items -> zf.zf_attach_zfe
INFO:src.app:ROUTE /zf/zfi/<int:zfi_id>/lines -> zf.zfi_lines
INFO:src.app:ROUTE /zf/zfi/<int:zfi_id>/import-from-oc -> zf.import_zfi_lines_from_oc
INFO:src.app:ROUTE /zf/zfi/<int:zfi_id>/summary -> zf.zfi_summary
INFO:src.app:ROUTE /zf/zfe/<int:zfe_id>/lines -> zf.get_zfe_lines
INFO:src.app:ROUTE /zf/zfe/<int:zfe_id>/lines -> zf.save_zfe_lines
INFO:src.app:ROUTE /zf/zfi/<int:zfi_id>/saldo -> zf.zfi_saldo
INFO:src.app:ROUTE /zf/inventario -> zf.zf_inventario
INFO:src.app:ROUTE /zf/movimientos -> zf.zf_movimientos
INFO:src.app:ROUTE /zf/zfi/<int:zfi_id>/detalle -> zf.zf_zfi_detalle
INFO:src.app:ROUTE /zf/zfi/<int:zfi_id>/zfe -> zf.zf_zfi_zfes
INFO:src.app:ROUTE /zf/zfe/<int:zfe_id>/lines/detail -> zf.zf_zfe_lines
INFO:src.app:ROUTE /zf/inventario/<int:zfi_id>/items -> zf.zf_inventario_items
INFO:src.app:ROUTE /zf/movimientos/<int:zfe_id>/items -> zf.zf_movimientos_items
INFO:src.app:ROUTE /api/repositorio/ -> repo.listar_repositorio
INFO:src.app:ROUTE /api/repositorio -> repo.listar_repositorio
INFO:src.app:ROUTE /api/repositorio/_diag -> repo.repo_diag
INFO:src.app:ROUTE /api/servicios/facturas -> servicios.crear_factura_servicio
INFO:src.app:ROUTE /api/servicios/facturas -> servicios.listar_facturas_servicio
INFO:src.app:ROUTE /api/servicios/asignaciones/oc -> servicios.crear_asignacion_oc
INFO:src.app:ROUTE /api/servicios/tipos -> servicios.listar_tipos_servicio
INFO:src.app:ROUTE /api/servicios/inventario -> servicios.inventario_servicios
INFO:waitress:Serving on http://0.0.0.0:5000
INFO:src.app:[Graph] SITE_ID=netorg3699775.sharepoint.com,103714b0-f308-4d0e-8a9b-51e7ba05b7af,e5e81a27-8432-4e2f-b850-0f1686012c2f | DRIVE_ID=b!sBQ3EAjzDk2Km1HnugW3ryca6OUyhC9OuFAPFoYBLC9tgACV_95uSr4RaGPp3dey
INFO:src.app:ROUTE /<path:filename> -> static
INFO:src.app:ROUTE /oc/select -> oc.oc_select
INFO:src.app:ROUTE /oc/debug -> oc.oc_debug
INFO:src.app:ROUTE /oc/ping -> oc.oc_ping
INFO:src.app:ROUTE /api/ocr/despacho -> ocr.ocr_despacho
INFO:src.app:ROUTE /api/ocr/factura -> ocr.ocr_factura
INFO:src.app:ROUTE /api/despachos/<int:despacho_id> -> despachos.eliminar_despacho
INFO:src.app:ROUTE /api/despachos/links-count -> despachos.despachos_links_count
INFO:src.app:ROUTE /api/despachos/exists -> despachos.despacho_existe
INFO:src.app:ROUTE /api/tipos-gasto -> despachos.obtener_tipos_gasto
INFO:src.app:ROUTE /api/despachos -> despachos.obtener_despachos
INFO:src.app:ROUTE /api/despachos/search -> despachos.search_despachos
INFO:src.app:ROUTE /api/despachos -> despachos.crear_despacho
INFO:src.app:ROUTE /api/despachos/<int:despacho_id> -> despachos.obtener_despacho_por_id
INFO:src.app:ROUTE /api/despachos/<int:despacho_id> -> despachos.actualizar_despacho
INFO:src.app:ROUTE /api/despachos/list -> despachos.obtener_lista_despachos
INFO:src.app:ROUTE /api/despachos/<string:nro>/resumen-gasto -> despachos.get_resumen_gasto
INFO:src.app:ROUTE /api/despachos/<string:nro>/recalc -> despachos.recalc_un_despacho
INFO:src.app:ROUTE /api/resumen/rebuild -> despachos.rebuild_global
INFO:src.app:ROUTE /api/despachos/<string:nro>/facturas -> despachos.get_facturas_por_despacho
INFO:src.app:ROUTE /api/despachos/<int:despacho_id>/facturas-linked -> despachos.get_facturas_linked_por_despacho
INFO:src.app:ROUTE /api/facturas/with-links -> facturas.facturas_with_links
INFO:src.app:ROUTE /api/facturas/links-count -> facturas.facturas_links_count
INFO:src.app:ROUTE /api/facturas -> facturas.obtener_facturas
INFO:src.app:ROUTE /api/facturas/<int:factura_id> -> facturas.obtener_factura_por_id
INFO:src.app:ROUTE /api/facturas/<int:factura_id>/full -> facturas.get_factura_full
INFO:src.app:ROUTE /api/facturas/<int:factura_id> -> facturas.actualizar_factura
INFO:src.app:ROUTE /api/facturas -> facturas.crear_factura
INFO:src.app:ROUTE /api/facturas/<int:factura_id> -> facturas.eliminar_factura
INFO:src.app:ROUTE /api/facturas/<int:factura_id>/despachos -> facturas.get_despachos_de_factura
INFO:src.app:ROUTE /api/facturas/<int:factura_id>/despachos -> facturas.set_despachos_de_factura
INFO:src.app:ROUTE /api/facturas/<int:factura_id>/despachos/<int:despacho_id> -> facturas.remove_link
INFO:src.app:ROUTE /api/despachos/<int:despacho_id>/facturas-linked -> facturas.get_facturas_linked_por_despacho
INFO:src.app:ROUTE /zf/grupos -> zf.zf_grupos
INFO:src.app:ROUTE /zf/zfis -> zf.zf_list_zfis
INFO:src.app:ROUTE /zf/grupos -> zf.zf_create_group
INFO:src.app:ROUTE /zf/grupos/<int:group_id>/items -> zf.zf_attach_zfe
INFO:src.app:ROUTE /zf/zfi/<int:zfi_id>/lines -> zf.zfi_lines
INFO:src.app:ROUTE /zf/zfi/<int:zfi_id>/import-from-oc -> zf.import_zfi_lines_from_oc
INFO:src.app:ROUTE /zf/zfi/<int:zfi_id>/summary -> zf.zfi_summary
INFO:src.app:ROUTE /zf/zfe/<int:zfe_id>/lines -> zf.get_zfe_lines
INFO:src.app:ROUTE /zf/zfe/<int:zfe_id>/lines -> zf.save_zfe_lines
INFO:src.app:ROUTE /zf/zfi/<int:zfi_id>/saldo -> zf.zfi_saldo
INFO:src.app:ROUTE /zf/inventario -> zf.zf_inventario
INFO:src.app:ROUTE /zf/movimientos -> zf.zf_movimientos
INFO:src.app:ROUTE /zf/zfi/<int:zfi_id>/detalle -> zf.zf_zfi_detalle
INFO:src.app:ROUTE /zf/zfi/<int:zfi_id>/zfe -> zf.zf_zfi_zfes
INFO:src.app:ROUTE /zf/zfe/<int:zfe_id>/lines/detail -> zf.zf_zfe_lines
INFO:src.app:ROUTE /zf/inventario/<int:zfi_id>/items -> zf.zf_inventario_items
INFO:src.app:ROUTE /zf/movimientos/<int:zfe_id>/items -> zf.zf_movimientos_items
INFO:src.app:ROUTE /api/repositorio/ -> repo.listar_repositorio
INFO:src.app:ROUTE /api/repositorio -> repo.listar_repositorio
INFO:src.app:ROUTE /api/repositorio/_diag -> repo.repo_diag
INFO:src.app:ROUTE /api/servicios/facturas -> servicios.crear_factura_servicio
INFO:src.app:ROUTE /api/servicios/facturas -> servicios.listar_facturas_servicio
INFO:src.app:ROUTE /api/servicios/asignaciones/oc -> servicios.crear_asignacion_oc
INFO:src.app:ROUTE /api/servicios/tipos -> servicios.listar_tipos_servicio
INFO:src.app:ROUTE /api/servicios/inventario -> servicios.inventario_servicios
INFO:waitress:Serving on http://0.0.0.0:5000
INFO:src.app:[Graph] SITE_ID=netorg3699775.sharepoint.com,103714b0-f308-4d0e-8a9b-51e7ba05b7af,e5e81a27-8432-4e2f-b850-0f1686012c2f | DRIVE_ID=b!sBQ3EAjzDk2Km1HnugW3ryca6OUyhC9OuFAPFoYBLC9tgACV_95uSr4RaGPp3dey
INFO:src.app:ROUTE /<path:filename> -> static
INFO:src.app:ROUTE /oc/select -> oc.oc_select
INFO:src.app:ROUTE /oc/debug -> oc.oc_debug
INFO:src.app:ROUTE /oc/ping -> oc.oc_ping
INFO:src.app:ROUTE /api/ocr/despacho -> ocr.ocr_despacho
INFO:src.app:ROUTE /api/ocr/factura -> ocr.ocr_factura
INFO:src.app:ROUTE /api/despachos/<int:despacho_id> -> despachos.eliminar_despacho
INFO:src.app:ROUTE /api/despachos/links-count -> despachos.despachos_links_count
INFO:src.app:ROUTE /api/despachos/exists -> despachos.despacho_existe
INFO:src.app:ROUTE /api/tipos-gasto -> despachos.obtener_tipos_gasto
INFO:src.app:ROUTE /api/despachos -> despachos.obtener_despachos
INFO:src.app:ROUTE /api/despachos/search -> despachos.search_despachos
INFO:src.app:ROUTE /api/despachos -> despachos.crear_despacho
INFO:src.app:ROUTE /api/despachos/<int:despacho_id> -> despachos.obtener_despacho_por_id
INFO:src.app:ROUTE /api/despachos/<int:despacho_id> -> despachos.actualizar_despacho
INFO:src.app:ROUTE /api/despachos/list -> despachos.obtener_lista_despachos
INFO:src.app:ROUTE /api/despachos/<string:nro>/resumen-gasto -> despachos.get_resumen_gasto
INFO:src.app:ROUTE /api/despachos/<string:nro>/recalc -> despachos.recalc_un_despacho
INFO:src.app:ROUTE /api/resumen/rebuild -> despachos.rebuild_global
INFO:src.app:ROUTE /api/despachos/<string:nro>/facturas -> despachos.get_facturas_por_despacho
INFO:src.app:ROUTE /api/despachos/<int:despacho_id>/facturas-linked -> despachos.get_facturas_linked_por_despacho
INFO:src.app:ROUTE /api/facturas/with-links -> facturas.facturas_with_links
INFO:src.app:ROUTE /api/facturas/links-count -> facturas.facturas_links_count
INFO:src.app:ROUTE /api/facturas -> facturas.obtener_facturas
INFO:src.app:ROUTE /api/facturas/<int:factura_id> -> facturas.obtener_factura_por_id
INFO:src.app:ROUTE /api/facturas/<int:factura_id>/full -> facturas.get_factura_full
INFO:src.app:ROUTE /api/facturas/<int:factura_id> -> facturas.actualizar_factura
INFO:src.app:ROUTE /api/facturas -> facturas.crear_factura
INFO:src.app:ROUTE /api/facturas/<int:factura_id> -> facturas.eliminar_factura
INFO:src.app:ROUTE /api/facturas/<int:factura_id>/despachos -> facturas.get_despachos_de_factura
INFO:src.app:ROUTE /api/facturas/<int:factura_id>/despachos -> facturas.set_despachos_de_factura
INFO:src.app:ROUTE /api/facturas/<int:factura_id>/despachos/<int:despacho_id> -> facturas.remove_link
INFO:src.app:ROUTE /api/despachos/<int:despacho_id>/facturas-linked -> facturas.get_facturas_linked_por_despacho
INFO:src.app:ROUTE /zf/grupos -> zf.zf_grupos
INFO:src.app:ROUTE /zf/zfis -> zf.zf_list_zfis
INFO:src.app:ROUTE /zf/grupos -> zf.zf_create_group
INFO:src.app:ROUTE /zf/grupos/<int:group_id>/items -> zf.zf_attach_zfe
INFO:src.app:ROUTE /zf/zfi/<int:zfi_id>/lines -> zf.zfi_lines
INFO:src.app:ROUTE /zf/zfi/<int:zfi_id>/import-from-oc -> zf.import_zfi_lines_from_oc
INFO:src.app:ROUTE /zf/zfi/<int:zfi_id>/summary -> zf.zfi_summary
INFO:src.app:ROUTE /zf/zfe/<int:zfe_id>/lines -> zf.get_zfe_lines
INFO:src.app:ROUTE /zf/zfe/<int:zfe_id>/lines -> zf.save_zfe_lines
INFO:src.app:ROUTE /zf/zfi/<int:zfi_id>/saldo -> zf.zfi_saldo
INFO:src.app:ROUTE /zf/inventario -> zf.zf_inventario
INFO:src.app:ROUTE /zf/movimientos -> zf.zf_movimientos
INFO:src.app:ROUTE /zf/zfi/<int:zfi_id>/detalle -> zf.zf_zfi_detalle
INFO:src.app:ROUTE /zf/zfi/<int:zfi_id>/zfe -> zf.zf_zfi_zfes
INFO:src.app:ROUTE /zf/zfe/<int:zfe_id>/lines/detail -> zf.zf_zfe_lines
INFO:src.app:ROUTE /zf/inventario/<int:zfi_id>/items -> zf.zf_inventario_items
INFO:src.app:ROUTE /zf/movimientos/<int:zfe_id>/items -> zf.zf_movimientos_items
INFO:src.app:ROUTE /api/repositorio/ -> repo.listar_repositorio
INFO:src.app:ROUTE /api/repositorio -> repo.listar_repositorio
INFO:src.app:ROUTE /api/repositorio/_diag -> repo.repo_diag
INFO:src.app:ROUTE /api/servicios/facturas -> servicios.crear_factura_servicio
INFO:src.app:ROUTE /api/servicios/facturas -> servicios.listar_facturas_servicio
INFO:src.app:ROUTE /api/servicios/asignaciones/oc -> servicios.crear_asignacion_oc
INFO:src.app:ROUTE /api/servicios/tipos -> servicios.listar_tipos_servicio
INFO:src.app:ROUTE /api/servicios/inventario -> servicios.inventario_servicios
INFO:waitress:Serving on http://0.0.0.0:5000
INFO:src.app:[Graph] SITE_ID=netorg3699775.sharepoint.com,103714b0-f308-4d0e-8a9b-51e7ba05b7af,e5e81a27-8432-4e2f-b850-0f1686012c2f | DRIVE_ID=b!sBQ3EAjzDk2Km1HnugW3ryca6OUyhC9OuFAPFoYBLC9tgACV_95uSr4RaGPp3dey
INFO:src.app:ROUTE /static/<path:filename> -> static
INFO:src.app:ROUTE /oc/select -> oc.oc_select
INFO:src.app:ROUTE /oc/debug -> oc.oc_debug
INFO:src.app:ROUTE /oc/ping -> oc.oc_ping
INFO:src.app:ROUTE /api/ocr/despacho -> ocr.ocr_despacho
INFO:src.app:ROUTE /api/ocr/factura -> ocr.ocr_factura
INFO:src.app:ROUTE /api/despachos/<int:despacho_id> -> despachos.eliminar_despacho
INFO:src.app:ROUTE /api/despachos/links-count -> despachos.despachos_links_count
INFO:src.app:ROUTE /api/despachos/exists -> despachos.despacho_existe
INFO:src.app:ROUTE /api/tipos-gasto -> despachos.obtener_tipos_gasto
INFO:src.app:ROUTE /api/despachos -> despachos.obtener_despachos
INFO:src.app:ROUTE /api/despachos/search -> despachos.search_despachos
INFO:src.app:ROUTE /api/despachos -> despachos.crear_despacho
INFO:src.app:ROUTE /api/despachos/<int:despacho_id> -> despachos.obtener_despacho_por_id
INFO:src.app:ROUTE /api/despachos/<int:despacho_id> -> despachos.actualizar_despacho
INFO:src.app:ROUTE /api/despachos/list -> despachos.obtener_lista_despachos
INFO:src.app:ROUTE /api/despachos/<string:nro>/resumen-gasto -> despachos.get_resumen_gasto
INFO:src.app:ROUTE /api/despachos/<string:nro>/recalc -> despachos.recalc_un_despacho
INFO:src.app:ROUTE /api/resumen/rebuild -> despachos.rebuild_global
INFO:src.app:ROUTE /api/despachos/<string:nro>/facturas -> despachos.get_facturas_por_despacho
INFO:src.app:ROUTE /api/despachos/<int:despacho_id>/facturas-linked -> despachos.get_facturas_linked_por_despacho
INFO:src.app:ROUTE /api/facturas/with-links -> facturas.facturas_with_links
INFO:src.app:ROUTE /api/facturas/links-count -> facturas.facturas_links_count
INFO:src.app:ROUTE /api/facturas -> facturas.obtener_facturas
INFO:src.app:ROUTE /api/facturas/<int:factura_id> -> facturas.obtener_factura_por_id
INFO:src.app:ROUTE /api/facturas/<int:factura_id>/full -> facturas.get_factura_full
INFO:src.app:ROUTE /api/facturas/<int:factura_id> -> facturas.actualizar_factura
INFO:src.app:ROUTE /api/facturas -> facturas.crear_factura
INFO:src.app:ROUTE /api/facturas/<int:factura_id> -> facturas.eliminar_factura
INFO:src.app:ROUTE /api/facturas/<int:factura_id>/despachos -> facturas.get_despachos_de_factura
INFO:src.app:ROUTE /api/facturas/<int:factura_id>/despachos -> facturas.set_despachos_de_factura
INFO:src.app:ROUTE /api/facturas/<int:factura_id>/despachos/<int:despacho_id> -> facturas.remove_link
INFO:src.app:ROUTE /api/despachos/<int:despacho_id>/facturas-linked -> facturas.get_facturas_linked_por_despacho
INFO:src.app:ROUTE /zf/grupos -> zf.zf_grupos
INFO:src.app:ROUTE /zf/zfis -> zf.zf_list_zfis
INFO:src.app:ROUTE /zf/grupos -> zf.zf_create_group
INFO:src.app:ROUTE /zf/grupos/<int:group_id>/items -> zf.zf_attach_zfe
INFO:src.app:ROUTE /zf/zfi/<int:zfi_id>/lines -> zf.zfi_lines
INFO:src.app:ROUTE /zf/zfi/<int:zfi_id>/import-from-oc -> zf.import_zfi_lines_from_oc
INFO:src.app:ROUTE /zf/zfi/<int:zfi_id>/summary -> zf.zfi_summary
INFO:src.app:ROUTE /zf/zfe/<int:zfe_id>/lines -> zf.get_zfe_lines
INFO:src.app:ROUTE /zf/zfe/<int:zfe_id>/lines -> zf.save_zfe_lines
INFO:src.app:ROUTE /zf/zfi/<int:zfi_id>/saldo -> zf.zfi_saldo
INFO:src.app:ROUTE /zf/inventario -> zf.zf_inventario
INFO:src.app:ROUTE /zf/movimientos -> zf.zf_movimientos
INFO:src.app:ROUTE /zf/zfi/<int:zfi_id>/detalle -> zf.zf_zfi_detalle
INFO:src.app:ROUTE /zf/zfi/<int:zfi_id>/zfe -> zf.zf_zfi_zfes
INFO:src.app:ROUTE /zf/zfe/<int:zfe_id>/lines/detail -> zf.zf_zfe_lines
INFO:src.app:ROUTE /zf/inventario/<int:zfi_id>/items -> zf.zf_inventario_items
INFO:src.app:ROUTE /zf/movimientos/<int:zfe_id>/items -> zf.zf_movimientos_items
INFO:src.app:ROUTE /api/repositorio/ -> repo.listar_repositorio
INFO:src.app:ROUTE /api/repositorio -> repo.listar_repositorio
INFO:src.app:ROUTE /api/repositorio/_diag -> repo.repo_diag
INFO:src.app:ROUTE /api/servicios/facturas -> servicios.crear_factura_servicio
INFO:src.app:ROUTE /api/servicios/facturas -> servicios.listar_facturas_servicio
INFO:src.app:ROUTE /api/servicios/asignaciones/oc -> servicios.crear_asignacion_oc
INFO:src.app:ROUTE /api/servicios/tipos -> servicios.listar_tipos_servicio
INFO:src.app:ROUTE /api/servicios/inventario -> servicios.inventario_servicios
INFO:waitress:Serving on http://0.0.0.0:5000
INFO:src.app:[repo] path='Despachos' top=50 token=None
INFO:src.app:[repo] path='Despachos' top=50 token=None
INFO:src.app:[repo] path='Despachos' top=50 token=None
Traceback (most recent call last):
  File "<frozen runpy>", line 198, in _run_module_as_main
  File "<frozen runpy>", line 88, in _run_code
  File "C:\DespachosIDargentina\venv\Lib\site-packages\waitress\__main__.py", line 3, in <module>
    run()  # pragma nocover
    ^^^^^
  File "C:\DespachosIDargentina\venv\Lib\site-packages\waitress\runner.py", line 235, in run
    app = pkgutil.resolve_name(args[0])
          ^^^^^^^^^^^^^^^^^^^^^^^^^^^^^
  File "C:\Program Files\Python312\Lib\pkgutil.py", line 505, in resolve_name
    mod = importlib.import_module(gd['pkg'])
          ^^^^^^^^^^^^^^^^^^^^^^^^^^^^^^^^^^
  File "C:\Program Files\Python312\Lib\importlib\__init__.py", line 90, in import_module
    return _bootstrap._gcd_import(name[level:], package, level)
           ^^^^^^^^^^^^^^^^^^^^^^^^^^^^^^^^^^^^^^^^^^^^^^^^^^^^
  File "<frozen importlib._bootstrap>", line 1387, in _gcd_import
  File "<frozen importlib._bootstrap>", line 1360, in _find_and_load
  File "<frozen importlib._bootstrap>", line 1331, in _find_and_load_unlocked
  File "<frozen importlib._bootstrap>", line 935, in _load_unlocked
  File "<frozen importlib._bootstrap_external>", line 995, in exec_module
  File "<frozen importlib._bootstrap>", line 488, in _call_with_frames_removed
  File "C:\DespachosIDargentina\apps\backend\src\app.py", line 13, in <module>
    from .api.ocr import ocr_bp
  File "C:\DespachosIDargentina\apps\backend\src\api\ocr.py", line 9, in <module>
    from ..services.ocr_despachos import extract_from_pdf
  File "C:\DespachosIDargentina\apps\backend\src\services\ocr_despachos.py", line 11, in <module>
    import easyocr
  File "C:\DespachosIDargentina\venv\Lib\site-packages\easyocr\__init__.py", line 1, in <module>
    from .easyocr import Reader
  File "C:\DespachosIDargentina\venv\Lib\site-packages\easyocr\easyocr.py", line 3, in <module>
    from .recognition import get_recognizer, get_text
  File "C:\DespachosIDargentina\venv\Lib\site-packages\easyocr\recognition.py", line 2, in <module>
    import torch
  File "C:\DespachosIDargentina\venv\Lib\site-packages\torch\__init__.py", line 2193, in <module>
    from torch import (
  File "<frozen importlib._bootstrap>", line 1360, in _find_and_load
  File "<frozen importlib._bootstrap>", line 1331, in _find_and_load_unlocked
  File "<frozen importlib._bootstrap>", line 935, in _load_unlocked
  File "<frozen importlib._bootstrap_external>", line 991, in exec_module
  File "<frozen importlib._bootstrap_external>", line 1087, in get_code
  File "<frozen importlib._bootstrap_external>", line 1186, in get_data
KeyboardInterrupt
INFO:src.app:[Graph] SITE_ID=netorg3699775.sharepoint.com,103714b0-f308-4d0e-8a9b-51e7ba05b7af,e5e81a27-8432-4e2f-b850-0f1686012c2f | DRIVE_ID=b!sBQ3EAjzDk2Km1HnugW3ryca6OUyhC9OuFAPFoYBLC9tgACV_95uSr4RaGPp3dey
INFO:src.app:ROUTE /static/<path:filename> -> static
INFO:src.app:ROUTE /oc/select -> oc.oc_select
INFO:src.app:ROUTE /oc/debug -> oc.oc_debug
INFO:src.app:ROUTE /oc/ping -> oc.oc_ping
INFO:src.app:ROUTE /api/ocr/despacho -> ocr.ocr_despacho
INFO:src.app:ROUTE /api/ocr/factura -> ocr.ocr_factura
INFO:src.app:ROUTE /api/despachos/<int:despacho_id> -> despachos.eliminar_despacho
INFO:src.app:ROUTE /api/despachos/links-count -> despachos.despachos_links_count
INFO:src.app:ROUTE /api/despachos/exists -> despachos.despacho_existe
INFO:src.app:ROUTE /api/tipos-gasto -> despachos.obtener_tipos_gasto
INFO:src.app:ROUTE /api/despachos -> despachos.obtener_despachos
INFO:src.app:ROUTE /api/despachos/search -> despachos.search_despachos
INFO:src.app:ROUTE /api/despachos -> despachos.crear_despacho
INFO:src.app:ROUTE /api/despachos/<int:despacho_id> -> despachos.obtener_despacho_por_id
INFO:src.app:ROUTE /api/despachos/<int:despacho_id> -> despachos.actualizar_despacho
INFO:src.app:ROUTE /api/despachos/list -> despachos.obtener_lista_despachos
INFO:src.app:ROUTE /api/despachos/<string:nro>/resumen-gasto -> despachos.get_resumen_gasto
INFO:src.app:ROUTE /api/despachos/<string:nro>/recalc -> despachos.recalc_un_despacho
INFO:src.app:ROUTE /api/resumen/rebuild -> despachos.rebuild_global
INFO:src.app:ROUTE /api/despachos/<string:nro>/facturas -> despachos.get_facturas_por_despacho
INFO:src.app:ROUTE /api/despachos/<int:despacho_id>/facturas-linked -> despachos.get_facturas_linked_por_despacho
INFO:src.app:ROUTE /api/facturas/with-links -> facturas.facturas_with_links
INFO:src.app:ROUTE /api/facturas/links-count -> facturas.facturas_links_count
INFO:src.app:ROUTE /api/facturas -> facturas.obtener_facturas
INFO:src.app:ROUTE /api/facturas/<int:factura_id> -> facturas.obtener_factura_por_id
INFO:src.app:ROUTE /api/facturas/<int:factura_id>/full -> facturas.get_factura_full
INFO:src.app:ROUTE /api/facturas/<int:factura_id> -> facturas.actualizar_factura
INFO:src.app:ROUTE /api/facturas -> facturas.crear_factura
INFO:src.app:ROUTE /api/facturas/<int:factura_id> -> facturas.eliminar_factura
INFO:src.app:ROUTE /api/facturas/<int:factura_id>/despachos -> facturas.get_despachos_de_factura
INFO:src.app:ROUTE /api/facturas/<int:factura_id>/despachos -> facturas.set_despachos_de_factura
INFO:src.app:ROUTE /api/facturas/<int:factura_id>/despachos/<int:despacho_id> -> facturas.remove_link
INFO:src.app:ROUTE /api/despachos/<int:despacho_id>/facturas-linked -> facturas.get_facturas_linked_por_despacho
INFO:src.app:ROUTE /zf/grupos -> zf.zf_grupos
INFO:src.app:ROUTE /zf/zfis -> zf.zf_list_zfis
INFO:src.app:ROUTE /zf/grupos -> zf.zf_create_group
INFO:src.app:ROUTE /zf/grupos/<int:group_id>/items -> zf.zf_attach_zfe
INFO:src.app:ROUTE /zf/zfi/<int:zfi_id>/lines -> zf.zfi_lines
INFO:src.app:ROUTE /zf/zfi/<int:zfi_id>/import-from-oc -> zf.import_zfi_lines_from_oc
INFO:src.app:ROUTE /zf/zfi/<int:zfi_id>/summary -> zf.zfi_summary
INFO:src.app:ROUTE /zf/zfe/<int:zfe_id>/lines -> zf.get_zfe_lines
INFO:src.app:ROUTE /zf/zfe/<int:zfe_id>/lines -> zf.save_zfe_lines
INFO:src.app:ROUTE /zf/zfi/<int:zfi_id>/saldo -> zf.zfi_saldo
INFO:src.app:ROUTE /zf/inventario -> zf.zf_inventario
INFO:src.app:ROUTE /zf/movimientos -> zf.zf_movimientos
INFO:src.app:ROUTE /zf/zfi/<int:zfi_id>/detalle -> zf.zf_zfi_detalle
INFO:src.app:ROUTE /zf/zfi/<int:zfi_id>/zfe -> zf.zf_zfi_zfes
INFO:src.app:ROUTE /zf/zfe/<int:zfe_id>/lines/detail -> zf.zf_zfe_lines
INFO:src.app:ROUTE /zf/inventario/<int:zfi_id>/items -> zf.zf_inventario_items
INFO:src.app:ROUTE /zf/movimientos/<int:zfe_id>/items -> zf.zf_movimientos_items
INFO:src.app:ROUTE /api/repositorio/ -> repo.listar_repositorio
INFO:src.app:ROUTE /api/repositorio -> repo.listar_repositorio
INFO:src.app:ROUTE /api/repositorio/_diag -> repo.repo_diag
INFO:src.app:ROUTE /api/servicios/facturas -> servicios.crear_factura_servicio
INFO:src.app:ROUTE /api/servicios/facturas -> servicios.listar_facturas_servicio
INFO:src.app:ROUTE /api/servicios/asignaciones/oc -> servicios.crear_asignacion_oc
INFO:src.app:ROUTE /api/servicios/tipos -> servicios.listar_tipos_servicio
INFO:src.app:ROUTE /api/servicios/inventario -> servicios.inventario_servicios
INFO:waitress:Serving on http://0.0.0.0:5000
INFO:src.app:[Graph] SITE_ID=netorg3699775.sharepoint.com,103714b0-f308-4d0e-8a9b-51e7ba05b7af,e5e81a27-8432-4e2f-b850-0f1686012c2f | DRIVE_ID=b!sBQ3EAjzDk2Km1HnugW3ryca6OUyhC9OuFAPFoYBLC9tgACV_95uSr4RaGPp3dey
INFO:src.app:ROUTE /static/<path:filename> -> static
INFO:src.app:ROUTE /oc/select -> oc.oc_select
INFO:src.app:ROUTE /oc/debug -> oc.oc_debug
INFO:src.app:ROUTE /oc/ping -> oc.oc_ping
INFO:src.app:ROUTE /api/ocr/despacho -> ocr.ocr_despacho
INFO:src.app:ROUTE /api/ocr/factura -> ocr.ocr_factura
INFO:src.app:ROUTE /api/despachos/<int:despacho_id> -> despachos.eliminar_despacho
INFO:src.app:ROUTE /api/despachos/links-count -> despachos.despachos_links_count
INFO:src.app:ROUTE /api/despachos/exists -> despachos.despacho_existe
INFO:src.app:ROUTE /api/tipos-gasto -> despachos.obtener_tipos_gasto
INFO:src.app:ROUTE /api/despachos -> despachos.obtener_despachos
INFO:src.app:ROUTE /api/despachos/search -> despachos.search_despachos
INFO:src.app:ROUTE /api/despachos -> despachos.crear_despacho
INFO:src.app:ROUTE /api/despachos/<int:despacho_id> -> despachos.obtener_despacho_por_id
INFO:src.app:ROUTE /api/despachos/<int:despacho_id> -> despachos.actualizar_despacho
INFO:src.app:ROUTE /api/despachos/list -> despachos.obtener_lista_despachos
INFO:src.app:ROUTE /api/despachos/<string:nro>/resumen-gasto -> despachos.get_resumen_gasto
INFO:src.app:ROUTE /api/despachos/<string:nro>/recalc -> despachos.recalc_un_despacho
INFO:src.app:ROUTE /api/resumen/rebuild -> despachos.rebuild_global
INFO:src.app:ROUTE /api/despachos/<string:nro>/facturas -> despachos.get_facturas_por_despacho
INFO:src.app:ROUTE /api/despachos/<int:despacho_id>/facturas-linked -> despachos.get_facturas_linked_por_despacho
INFO:src.app:ROUTE /api/facturas/with-links -> facturas.facturas_with_links
INFO:src.app:ROUTE /api/facturas/links-count -> facturas.facturas_links_count
INFO:src.app:ROUTE /api/facturas -> facturas.obtener_facturas
INFO:src.app:ROUTE /api/facturas/<int:factura_id> -> facturas.obtener_factura_por_id
INFO:src.app:ROUTE /api/facturas/<int:factura_id>/full -> facturas.get_factura_full
INFO:src.app:ROUTE /api/facturas/<int:factura_id> -> facturas.actualizar_factura
INFO:src.app:ROUTE /api/facturas -> facturas.crear_factura
INFO:src.app:ROUTE /api/facturas/<int:factura_id> -> facturas.eliminar_factura
INFO:src.app:ROUTE /api/facturas/<int:factura_id>/despachos -> facturas.get_despachos_de_factura
INFO:src.app:ROUTE /api/facturas/<int:factura_id>/despachos -> facturas.set_despachos_de_factura
INFO:src.app:ROUTE /api/facturas/<int:factura_id>/despachos/<int:despacho_id> -> facturas.remove_link
INFO:src.app:ROUTE /api/despachos/<int:despacho_id>/facturas-linked -> facturas.get_facturas_linked_por_despacho
INFO:src.app:ROUTE /zf/grupos -> zf.zf_grupos
INFO:src.app:ROUTE /zf/zfis -> zf.zf_list_zfis
INFO:src.app:ROUTE /zf/grupos -> zf.zf_create_group
INFO:src.app:ROUTE /zf/grupos/<int:group_id>/items -> zf.zf_attach_zfe
INFO:src.app:ROUTE /zf/zfi/<int:zfi_id>/lines -> zf.zfi_lines
INFO:src.app:ROUTE /zf/zfi/<int:zfi_id>/import-from-oc -> zf.import_zfi_lines_from_oc
INFO:src.app:ROUTE /zf/zfi/<int:zfi_id>/summary -> zf.zfi_summary
INFO:src.app:ROUTE /zf/zfe/<int:zfe_id>/lines -> zf.get_zfe_lines
INFO:src.app:ROUTE /zf/zfe/<int:zfe_id>/lines -> zf.save_zfe_lines
INFO:src.app:ROUTE /zf/zfi/<int:zfi_id>/saldo -> zf.zfi_saldo
INFO:src.app:ROUTE /zf/inventario -> zf.zf_inventario
INFO:src.app:ROUTE /zf/movimientos -> zf.zf_movimientos
INFO:src.app:ROUTE /zf/zfi/<int:zfi_id>/detalle -> zf.zf_zfi_detalle
INFO:src.app:ROUTE /zf/zfi/<int:zfi_id>/zfe -> zf.zf_zfi_zfes
INFO:src.app:ROUTE /zf/zfe/<int:zfe_id>/lines/detail -> zf.zf_zfe_lines
INFO:src.app:ROUTE /zf/inventario/<int:zfi_id>/items -> zf.zf_inventario_items
INFO:src.app:ROUTE /zf/movimientos/<int:zfe_id>/items -> zf.zf_movimientos_items
INFO:src.app:ROUTE /api/repositorio/ -> repo.listar_repositorio
INFO:src.app:ROUTE /api/repositorio -> repo.listar_repositorio
INFO:src.app:ROUTE /api/repositorio/_diag -> repo.repo_diag
INFO:src.app:ROUTE /api/servicios/facturas -> servicios.crear_factura_servicio
INFO:src.app:ROUTE /api/servicios/facturas -> servicios.listar_facturas_servicio
INFO:src.app:ROUTE /api/servicios/asignaciones/oc -> servicios.crear_asignacion_oc
INFO:src.app:ROUTE /api/servicios/tipos -> servicios.listar_tipos_servicio
INFO:src.app:ROUTE /api/servicios/inventario -> servicios.inventario_servicios
INFO:waitress:Serving on http://0.0.0.0:5000
INFO:src.app:[repo] path='Despachos' top=50 token=None
INFO:src.app:[Graph] SITE_ID=netorg3699775.sharepoint.com,103714b0-f308-4d0e-8a9b-51e7ba05b7af,e5e81a27-8432-4e2f-b850-0f1686012c2f | DRIVE_ID=b!sBQ3EAjzDk2Km1HnugW3ryca6OUyhC9OuFAPFoYBLC9tgACV_95uSr4RaGPp3dey
INFO:src.app:ROUTE /static/<path:filename> -> static
INFO:src.app:ROUTE /oc/select -> oc.oc_select
INFO:src.app:ROUTE /oc/debug -> oc.oc_debug
INFO:src.app:ROUTE /oc/ping -> oc.oc_ping
INFO:src.app:ROUTE /api/ocr/despacho -> ocr.ocr_despacho
INFO:src.app:ROUTE /api/ocr/factura -> ocr.ocr_factura
INFO:src.app:ROUTE /api/despachos/<int:despacho_id> -> despachos.eliminar_despacho
INFO:src.app:ROUTE /api/despachos/links-count -> despachos.despachos_links_count
INFO:src.app:ROUTE /api/despachos/exists -> despachos.despacho_existe
INFO:src.app:ROUTE /api/tipos-gasto -> despachos.obtener_tipos_gasto
INFO:src.app:ROUTE /api/despachos -> despachos.obtener_despachos
INFO:src.app:ROUTE /api/despachos/search -> despachos.search_despachos
INFO:src.app:ROUTE /api/despachos -> despachos.crear_despacho
INFO:src.app:ROUTE /api/despachos/<int:despacho_id> -> despachos.obtener_despacho_por_id
INFO:src.app:ROUTE /api/despachos/<int:despacho_id> -> despachos.actualizar_despacho
INFO:src.app:ROUTE /api/despachos/list -> despachos.obtener_lista_despachos
INFO:src.app:ROUTE /api/despachos/<string:nro>/resumen-gasto -> despachos.get_resumen_gasto
INFO:src.app:ROUTE /api/despachos/<string:nro>/recalc -> despachos.recalc_un_despacho
INFO:src.app:ROUTE /api/resumen/rebuild -> despachos.rebuild_global
INFO:src.app:ROUTE /api/despachos/<string:nro>/facturas -> despachos.get_facturas_por_despacho
INFO:src.app:ROUTE /api/despachos/<int:despacho_id>/facturas-linked -> despachos.get_facturas_linked_por_despacho
INFO:src.app:ROUTE /api/facturas/with-links -> facturas.facturas_with_links
INFO:src.app:ROUTE /api/facturas/links-count -> facturas.facturas_links_count
INFO:src.app:ROUTE /api/facturas -> facturas.obtener_facturas
INFO:src.app:ROUTE /api/facturas/<int:factura_id> -> facturas.obtener_factura_por_id
INFO:src.app:ROUTE /api/facturas/<int:factura_id>/full -> facturas.get_factura_full
INFO:src.app:ROUTE /api/facturas/<int:factura_id> -> facturas.actualizar_factura
INFO:src.app:ROUTE /api/facturas -> facturas.crear_factura
INFO:src.app:ROUTE /api/facturas/<int:factura_id> -> facturas.eliminar_factura
INFO:src.app:ROUTE /api/facturas/<int:factura_id>/despachos -> facturas.get_despachos_de_factura
INFO:src.app:ROUTE /api/facturas/<int:factura_id>/despachos -> facturas.set_despachos_de_factura
INFO:src.app:ROUTE /api/facturas/<int:factura_id>/despachos/<int:despacho_id> -> facturas.remove_link
INFO:src.app:ROUTE /api/despachos/<int:despacho_id>/facturas-linked -> facturas.get_facturas_linked_por_despacho
INFO:src.app:ROUTE /zf/grupos -> zf.zf_grupos
INFO:src.app:ROUTE /zf/zfis -> zf.zf_list_zfis
INFO:src.app:ROUTE /zf/grupos -> zf.zf_create_group
INFO:src.app:ROUTE /zf/grupos/<int:group_id>/items -> zf.zf_attach_zfe
INFO:src.app:ROUTE /zf/zfi/<int:zfi_id>/lines -> zf.zfi_lines
INFO:src.app:ROUTE /zf/zfi/<int:zfi_id>/import-from-oc -> zf.import_zfi_lines_from_oc
INFO:src.app:ROUTE /zf/zfi/<int:zfi_id>/summary -> zf.zfi_summary
INFO:src.app:ROUTE /zf/zfe/<int:zfe_id>/lines -> zf.get_zfe_lines
INFO:src.app:ROUTE /zf/zfe/<int:zfe_id>/lines -> zf.save_zfe_lines
INFO:src.app:ROUTE /zf/zfi/<int:zfi_id>/saldo -> zf.zfi_saldo
INFO:src.app:ROUTE /zf/inventario -> zf.zf_inventario
INFO:src.app:ROUTE /zf/movimientos -> zf.zf_movimientos
INFO:src.app:ROUTE /zf/zfi/<int:zfi_id>/detalle -> zf.zf_zfi_detalle
INFO:src.app:ROUTE /zf/zfi/<int:zfi_id>/zfe -> zf.zf_zfi_zfes
INFO:src.app:ROUTE /zf/zfe/<int:zfe_id>/lines/detail -> zf.zf_zfe_lines
INFO:src.app:ROUTE /zf/inventario/<int:zfi_id>/items -> zf.zf_inventario_items
INFO:src.app:ROUTE /zf/movimientos/<int:zfe_id>/items -> zf.zf_movimientos_items
INFO:src.app:ROUTE /api/repositorio/ -> repo.listar_repositorio
INFO:src.app:ROUTE /api/repositorio -> repo.listar_repositorio
INFO:src.app:ROUTE /api/repositorio/_diag -> repo.repo_diag
INFO:src.app:ROUTE /api/servicios/facturas -> servicios.crear_factura_servicio
INFO:src.app:ROUTE /api/servicios/facturas -> servicios.listar_facturas_servicio
INFO:src.app:ROUTE /api/servicios/asignaciones/oc -> servicios.crear_asignacion_oc
INFO:src.app:ROUTE /api/servicios/tipos -> servicios.listar_tipos_servicio
INFO:src.app:ROUTE /api/servicios/inventario -> servicios.inventario_servicios
INFO:waitress:Serving on http://0.0.0.0:5000
INFO:src.app:[Graph] SITE_ID=netorg3699775.sharepoint.com,103714b0-f308-4d0e-8a9b-51e7ba05b7af,e5e81a27-8432-4e2f-b850-0f1686012c2f | DRIVE_ID=b!sBQ3EAjzDk2Km1HnugW3ryca6OUyhC9OuFAPFoYBLC9tgACV_95uSr4RaGPp3dey
INFO:src.app:ROUTE /static/<path:filename> -> static
INFO:src.app:ROUTE /oc/select -> oc.oc_select
INFO:src.app:ROUTE /oc/debug -> oc.oc_debug
INFO:src.app:ROUTE /oc/ping -> oc.oc_ping
INFO:src.app:ROUTE /api/ocr/despacho -> ocr.ocr_despacho
INFO:src.app:ROUTE /api/ocr/factura -> ocr.ocr_factura
INFO:src.app:ROUTE /api/despachos/<int:despacho_id> -> despachos.eliminar_despacho
INFO:src.app:ROUTE /api/despachos/links-count -> despachos.despachos_links_count
INFO:src.app:ROUTE /api/despachos/exists -> despachos.despacho_existe
INFO:src.app:ROUTE /api/tipos-gasto -> despachos.obtener_tipos_gasto
INFO:src.app:ROUTE /api/despachos -> despachos.obtener_despachos
INFO:src.app:ROUTE /api/despachos/search -> despachos.search_despachos
INFO:src.app:ROUTE /api/despachos -> despachos.crear_despacho
INFO:src.app:ROUTE /api/despachos/<int:despacho_id> -> despachos.obtener_despacho_por_id
INFO:src.app:ROUTE /api/despachos/<int:despacho_id> -> despachos.actualizar_despacho
INFO:src.app:ROUTE /api/despachos/list -> despachos.obtener_lista_despachos
INFO:src.app:ROUTE /api/despachos/<string:nro>/resumen-gasto -> despachos.get_resumen_gasto
INFO:src.app:ROUTE /api/despachos/<string:nro>/recalc -> despachos.recalc_un_despacho
INFO:src.app:ROUTE /api/resumen/rebuild -> despachos.rebuild_global
INFO:src.app:ROUTE /api/despachos/<string:nro>/facturas -> despachos.get_facturas_por_despacho
INFO:src.app:ROUTE /api/despachos/<int:despacho_id>/facturas-linked -> despachos.get_facturas_linked_por_despacho
INFO:src.app:ROUTE /api/facturas/with-links -> facturas.facturas_with_links
INFO:src.app:ROUTE /api/facturas/links-count -> facturas.facturas_links_count
INFO:src.app:ROUTE /api/facturas -> facturas.obtener_facturas
INFO:src.app:ROUTE /api/facturas/<int:factura_id> -> facturas.obtener_factura_por_id
INFO:src.app:ROUTE /api/facturas/<int:factura_id>/full -> facturas.get_factura_full
INFO:src.app:ROUTE /api/facturas/<int:factura_id> -> facturas.actualizar_factura
INFO:src.app:ROUTE /api/facturas -> facturas.crear_factura
INFO:src.app:ROUTE /api/facturas/<int:factura_id> -> facturas.eliminar_factura
INFO:src.app:ROUTE /api/facturas/<int:factura_id>/despachos -> facturas.get_despachos_de_factura
INFO:src.app:ROUTE /api/facturas/<int:factura_id>/despachos -> facturas.set_despachos_de_factura
INFO:src.app:ROUTE /api/facturas/<int:factura_id>/despachos/<int:despacho_id> -> facturas.remove_link
INFO:src.app:ROUTE /api/despachos/<int:despacho_id>/facturas-linked -> facturas.get_facturas_linked_por_despacho
INFO:src.app:ROUTE /zf/grupos -> zf.zf_grupos
INFO:src.app:ROUTE /zf/zfis -> zf.zf_list_zfis
INFO:src.app:ROUTE /zf/grupos -> zf.zf_create_group
INFO:src.app:ROUTE /zf/grupos/<int:group_id>/items -> zf.zf_attach_zfe
INFO:src.app:ROUTE /zf/zfi/<int:zfi_id>/lines -> zf.zfi_lines
INFO:src.app:ROUTE /zf/zfi/<int:zfi_id>/import-from-oc -> zf.import_zfi_lines_from_oc
INFO:src.app:ROUTE /zf/zfi/<int:zfi_id>/summary -> zf.zfi_summary
INFO:src.app:ROUTE /zf/zfe/<int:zfe_id>/lines -> zf.get_zfe_lines
INFO:src.app:ROUTE /zf/zfe/<int:zfe_id>/lines -> zf.save_zfe_lines
INFO:src.app:ROUTE /zf/zfi/<int:zfi_id>/saldo -> zf.zfi_saldo
INFO:src.app:ROUTE /zf/inventario -> zf.zf_inventario
INFO:src.app:ROUTE /zf/movimientos -> zf.zf_movimientos
INFO:src.app:ROUTE /zf/zfi/<int:zfi_id>/detalle -> zf.zf_zfi_detalle
INFO:src.app:ROUTE /zf/zfi/<int:zfi_id>/zfe -> zf.zf_zfi_zfes
INFO:src.app:ROUTE /zf/zfe/<int:zfe_id>/lines/detail -> zf.zf_zfe_lines
INFO:src.app:ROUTE /zf/inventario/<int:zfi_id>/items -> zf.zf_inventario_items
INFO:src.app:ROUTE /zf/movimientos/<int:zfe_id>/items -> zf.zf_movimientos_items
INFO:src.app:ROUTE /api/repositorio/ -> repo.listar_repositorio
INFO:src.app:ROUTE /api/repositorio -> repo.listar_repositorio
INFO:src.app:ROUTE /api/repositorio/_diag -> repo.repo_diag
INFO:src.app:ROUTE /api/servicios/facturas -> servicios.crear_factura_servicio
INFO:src.app:ROUTE /api/servicios/facturas -> servicios.listar_facturas_servicio
INFO:src.app:ROUTE /api/servicios/asignaciones/oc -> servicios.crear_asignacion_oc
INFO:src.app:ROUTE /api/servicios/tipos -> servicios.listar_tipos_servicio
INFO:src.app:ROUTE /api/servicios/inventario -> servicios.inventario_servicios
INFO:waitress:Serving on http://0.0.0.0:5000
INFO:src.app:[Graph] SITE_ID=netorg3699775.sharepoint.com,103714b0-f308-4d0e-8a9b-51e7ba05b7af,e5e81a27-8432-4e2f-b850-0f1686012c2f | DRIVE_ID=b!sBQ3EAjzDk2Km1HnugW3ryca6OUyhC9OuFAPFoYBLC9tgACV_95uSr4RaGPp3dey
INFO:src.app:ROUTE /static/<path:filename> -> static
INFO:src.app:ROUTE /oc/select -> oc.oc_select
INFO:src.app:ROUTE /oc/debug -> oc.oc_debug
INFO:src.app:ROUTE /oc/ping -> oc.oc_ping
INFO:src.app:ROUTE /api/ocr/despacho -> ocr.ocr_despacho
INFO:src.app:ROUTE /api/ocr/factura -> ocr.ocr_factura
INFO:src.app:ROUTE /api/despachos/<int:despacho_id> -> despachos.eliminar_despacho
INFO:src.app:ROUTE /api/despachos/links-count -> despachos.despachos_links_count
INFO:src.app:ROUTE /api/despachos/exists -> despachos.despacho_existe
INFO:src.app:ROUTE /api/tipos-gasto -> despachos.obtener_tipos_gasto
INFO:src.app:ROUTE /api/despachos -> despachos.obtener_despachos
INFO:src.app:ROUTE /api/despachos/search -> despachos.search_despachos
INFO:src.app:ROUTE /api/despachos -> despachos.crear_despacho
INFO:src.app:ROUTE /api/despachos/<int:despacho_id> -> despachos.obtener_despacho_por_id
INFO:src.app:ROUTE /api/despachos/<int:despacho_id> -> despachos.actualizar_despacho
INFO:src.app:ROUTE /api/despachos/list -> despachos.obtener_lista_despachos
INFO:src.app:ROUTE /api/despachos/<string:nro>/resumen-gasto -> despachos.get_resumen_gasto
INFO:src.app:ROUTE /api/despachos/<string:nro>/recalc -> despachos.recalc_un_despacho
INFO:src.app:ROUTE /api/resumen/rebuild -> despachos.rebuild_global
INFO:src.app:ROUTE /api/despachos/<string:nro>/facturas -> despachos.get_facturas_por_despacho
INFO:src.app:ROUTE /api/despachos/<int:despacho_id>/facturas-linked -> despachos.get_facturas_linked_por_despacho
INFO:src.app:ROUTE /api/facturas/with-links -> facturas.facturas_with_links
INFO:src.app:ROUTE /api/facturas/links-count -> facturas.facturas_links_count
INFO:src.app:ROUTE /api/facturas -> facturas.obtener_facturas
INFO:src.app:ROUTE /api/facturas/<int:factura_id> -> facturas.obtener_factura_por_id
INFO:src.app:ROUTE /api/facturas/<int:factura_id>/full -> facturas.get_factura_full
INFO:src.app:ROUTE /api/facturas/<int:factura_id> -> facturas.actualizar_factura
INFO:src.app:ROUTE /api/facturas -> facturas.crear_factura
INFO:src.app:ROUTE /api/facturas/<int:factura_id> -> facturas.eliminar_factura
INFO:src.app:ROUTE /api/facturas/<int:factura_id>/despachos -> facturas.get_despachos_de_factura
INFO:src.app:ROUTE /api/facturas/<int:factura_id>/despachos -> facturas.set_despachos_de_factura
INFO:src.app:ROUTE /api/facturas/<int:factura_id>/despachos/<int:despacho_id> -> facturas.remove_link
INFO:src.app:ROUTE /api/despachos/<int:despacho_id>/facturas-linked -> facturas.get_facturas_linked_por_despacho
INFO:src.app:ROUTE /zf/grupos -> zf.zf_grupos
INFO:src.app:ROUTE /zf/zfis -> zf.zf_list_zfis
INFO:src.app:ROUTE /zf/grupos -> zf.zf_create_group
INFO:src.app:ROUTE /zf/grupos/<int:group_id>/items -> zf.zf_attach_zfe
INFO:src.app:ROUTE /zf/zfi/<int:zfi_id>/lines -> zf.zfi_lines
INFO:src.app:ROUTE /zf/zfi/<int:zfi_id>/import-from-oc -> zf.import_zfi_lines_from_oc
INFO:src.app:ROUTE /zf/zfi/<int:zfi_id>/summary -> zf.zfi_summary
INFO:src.app:ROUTE /zf/zfe/<int:zfe_id>/lines -> zf.get_zfe_lines
INFO:src.app:ROUTE /zf/zfe/<int:zfe_id>/lines -> zf.save_zfe_lines
INFO:src.app:ROUTE /zf/zfi/<int:zfi_id>/saldo -> zf.zfi_saldo
INFO:src.app:ROUTE /zf/inventario -> zf.zf_inventario
INFO:src.app:ROUTE /zf/movimientos -> zf.zf_movimientos
INFO:src.app:ROUTE /zf/zfi/<int:zfi_id>/detalle -> zf.zf_zfi_detalle
INFO:src.app:ROUTE /zf/zfi/<int:zfi_id>/zfe -> zf.zf_zfi_zfes
INFO:src.app:ROUTE /zf/zfe/<int:zfe_id>/lines/detail -> zf.zf_zfe_lines
INFO:src.app:ROUTE /zf/inventario/<int:zfi_id>/items -> zf.zf_inventario_items
INFO:src.app:ROUTE /zf/movimientos/<int:zfe_id>/items -> zf.zf_movimientos_items
INFO:src.app:ROUTE /api/repositorio/ -> repo.listar_repositorio
INFO:src.app:ROUTE /api/repositorio -> repo.listar_repositorio
INFO:src.app:ROUTE /api/repositorio/_diag -> repo.repo_diag
INFO:src.app:ROUTE /api/servicios/facturas -> servicios.crear_factura_servicio
INFO:src.app:ROUTE /api/servicios/facturas -> servicios.listar_facturas_servicio
INFO:src.app:ROUTE /api/servicios/asignaciones/oc -> servicios.crear_asignacion_oc
INFO:src.app:ROUTE /api/servicios/tipos -> servicios.listar_tipos_servicio
INFO:src.app:ROUTE /api/servicios/inventario -> servicios.inventario_servicios
INFO:waitress:Serving on http://0.0.0.0:5000
INFO:src.app:[Graph] SITE_ID=netorg3699775.sharepoint.com,103714b0-f308-4d0e-8a9b-51e7ba05b7af,e5e81a27-8432-4e2f-b850-0f1686012c2f | DRIVE_ID=b!sBQ3EAjzDk2Km1HnugW3ryca6OUyhC9OuFAPFoYBLC9tgACV_95uSr4RaGPp3dey
INFO:src.app:ROUTE /static/<path:filename> -> static
INFO:src.app:ROUTE /oc/select -> oc.oc_select
INFO:src.app:ROUTE /oc/debug -> oc.oc_debug
INFO:src.app:ROUTE /oc/ping -> oc.oc_ping
INFO:src.app:ROUTE /api/ocr/despacho -> ocr.ocr_despacho
INFO:src.app:ROUTE /api/ocr/factura -> ocr.ocr_factura
INFO:src.app:ROUTE /api/despachos/<int:despacho_id> -> despachos.eliminar_despacho
INFO:src.app:ROUTE /api/despachos/links-count -> despachos.despachos_links_count
INFO:src.app:ROUTE /api/despachos/exists -> despachos.despacho_existe
INFO:src.app:ROUTE /api/tipos-gasto -> despachos.obtener_tipos_gasto
INFO:src.app:ROUTE /api/despachos -> despachos.obtener_despachos
INFO:src.app:ROUTE /api/despachos/search -> despachos.search_despachos
INFO:src.app:ROUTE /api/despachos -> despachos.crear_despacho
INFO:src.app:ROUTE /api/despachos/<int:despacho_id> -> despachos.obtener_despacho_por_id
INFO:src.app:ROUTE /api/despachos/<int:despacho_id> -> despachos.actualizar_despacho
INFO:src.app:ROUTE /api/despachos/list -> despachos.obtener_lista_despachos
INFO:src.app:ROUTE /api/despachos/<string:nro>/resumen-gasto -> despachos.get_resumen_gasto
INFO:src.app:ROUTE /api/despachos/<string:nro>/recalc -> despachos.recalc_un_despacho
INFO:src.app:ROUTE /api/resumen/rebuild -> despachos.rebuild_global
INFO:src.app:ROUTE /api/despachos/<string:nro>/facturas -> despachos.get_facturas_por_despacho
INFO:src.app:ROUTE /api/despachos/<int:despacho_id>/facturas-linked -> despachos.get_facturas_linked_por_despacho
INFO:src.app:ROUTE /api/facturas/with-links -> facturas.facturas_with_links
INFO:src.app:ROUTE /api/facturas/links-count -> facturas.facturas_links_count
INFO:src.app:ROUTE /api/facturas -> facturas.obtener_facturas
INFO:src.app:ROUTE /api/facturas/<int:factura_id> -> facturas.obtener_factura_por_id
INFO:src.app:ROUTE /api/facturas/<int:factura_id>/full -> facturas.get_factura_full
INFO:src.app:ROUTE /api/facturas/<int:factura_id> -> facturas.actualizar_factura
INFO:src.app:ROUTE /api/facturas -> facturas.crear_factura
INFO:src.app:ROUTE /api/facturas/<int:factura_id> -> facturas.eliminar_factura
INFO:src.app:ROUTE /api/facturas/<int:factura_id>/despachos -> facturas.get_despachos_de_factura
INFO:src.app:ROUTE /api/facturas/<int:factura_id>/despachos -> facturas.set_despachos_de_factura
INFO:src.app:ROUTE /api/facturas/<int:factura_id>/despachos/<int:despacho_id> -> facturas.remove_link
INFO:src.app:ROUTE /api/despachos/<int:despacho_id>/facturas-linked -> facturas.get_facturas_linked_por_despacho
INFO:src.app:ROUTE /zf/grupos -> zf.zf_grupos
INFO:src.app:ROUTE /zf/zfis -> zf.zf_list_zfis
INFO:src.app:ROUTE /zf/grupos -> zf.zf_create_group
INFO:src.app:ROUTE /zf/grupos/<int:group_id>/items -> zf.zf_attach_zfe
INFO:src.app:ROUTE /zf/zfi/<int:zfi_id>/lines -> zf.zfi_lines
INFO:src.app:ROUTE /zf/zfi/<int:zfi_id>/import-from-oc -> zf.import_zfi_lines_from_oc
INFO:src.app:ROUTE /zf/zfi/<int:zfi_id>/summary -> zf.zfi_summary
INFO:src.app:ROUTE /zf/zfe/<int:zfe_id>/lines -> zf.get_zfe_lines
INFO:src.app:ROUTE /zf/zfe/<int:zfe_id>/lines -> zf.save_zfe_lines
INFO:src.app:ROUTE /zf/zfi/<int:zfi_id>/saldo -> zf.zfi_saldo
INFO:src.app:ROUTE /zf/inventario -> zf.zf_inventario
INFO:src.app:ROUTE /zf/movimientos -> zf.zf_movimientos
INFO:src.app:ROUTE /zf/zfi/<int:zfi_id>/detalle -> zf.zf_zfi_detalle
INFO:src.app:ROUTE /zf/zfi/<int:zfi_id>/zfe -> zf.zf_zfi_zfes
INFO:src.app:ROUTE /zf/zfe/<int:zfe_id>/lines/detail -> zf.zf_zfe_lines
INFO:src.app:ROUTE /zf/inventario/<int:zfi_id>/items -> zf.zf_inventario_items
INFO:src.app:ROUTE /zf/movimientos/<int:zfe_id>/items -> zf.zf_movimientos_items
INFO:src.app:ROUTE /api/repositorio/ -> repo.listar_repositorio
INFO:src.app:ROUTE /api/repositorio -> repo.listar_repositorio
INFO:src.app:ROUTE /api/repositorio/_diag -> repo.repo_diag
INFO:src.app:ROUTE /api/servicios/facturas -> servicios.crear_factura_servicio
INFO:src.app:ROUTE /api/servicios/facturas -> servicios.listar_facturas_servicio
INFO:src.app:ROUTE /api/servicios/asignaciones/oc -> servicios.crear_asignacion_oc
INFO:src.app:ROUTE /api/servicios/tipos -> servicios.listar_tipos_servicio
INFO:src.app:ROUTE /api/servicios/inventario -> servicios.inventario_servicios
INFO:waitress:Serving on http://0.0.0.0:5000
INFO:src.app:[Graph] SITE_ID=netorg3699775.sharepoint.com,103714b0-f308-4d0e-8a9b-51e7ba05b7af,e5e81a27-8432-4e2f-b850-0f1686012c2f | DRIVE_ID=b!sBQ3EAjzDk2Km1HnugW3ryca6OUyhC9OuFAPFoYBLC9tgACV_95uSr4RaGPp3dey
INFO:src.app:ROUTE /static/<path:filename> -> static
INFO:src.app:ROUTE /oc/select -> oc.oc_select
INFO:src.app:ROUTE /oc/debug -> oc.oc_debug
INFO:src.app:ROUTE /oc/ping -> oc.oc_ping
INFO:src.app:ROUTE /api/ocr/despacho -> ocr.ocr_despacho
INFO:src.app:ROUTE /api/ocr/factura -> ocr.ocr_factura
INFO:src.app:ROUTE /api/despachos/<int:despacho_id> -> despachos.eliminar_despacho
INFO:src.app:ROUTE /api/despachos/links-count -> despachos.despachos_links_count
INFO:src.app:ROUTE /api/despachos/exists -> despachos.despacho_existe
INFO:src.app:ROUTE /api/tipos-gasto -> despachos.obtener_tipos_gasto
INFO:src.app:ROUTE /api/despachos -> despachos.obtener_despachos
INFO:src.app:ROUTE /api/despachos/search -> despachos.search_despachos
INFO:src.app:ROUTE /api/despachos -> despachos.crear_despacho
INFO:src.app:ROUTE /api/despachos/<int:despacho_id> -> despachos.obtener_despacho_por_id
INFO:src.app:ROUTE /api/despachos/<int:despacho_id> -> despachos.actualizar_despacho
INFO:src.app:ROUTE /api/despachos/list -> despachos.obtener_lista_despachos
INFO:src.app:ROUTE /api/despachos/<string:nro>/resumen-gasto -> despachos.get_resumen_gasto
INFO:src.app:ROUTE /api/despachos/<string:nro>/recalc -> despachos.recalc_un_despacho
INFO:src.app:ROUTE /api/resumen/rebuild -> despachos.rebuild_global
INFO:src.app:ROUTE /api/despachos/<string:nro>/facturas -> despachos.get_facturas_por_despacho
INFO:src.app:ROUTE /api/despachos/<int:despacho_id>/facturas-linked -> despachos.get_facturas_linked_por_despacho
INFO:src.app:ROUTE /api/facturas/with-links -> facturas.facturas_with_links
INFO:src.app:ROUTE /api/facturas/links-count -> facturas.facturas_links_count
INFO:src.app:ROUTE /api/facturas -> facturas.obtener_facturas
INFO:src.app:ROUTE /api/facturas/<int:factura_id> -> facturas.obtener_factura_por_id
INFO:src.app:ROUTE /api/facturas/<int:factura_id>/full -> facturas.get_factura_full
INFO:src.app:ROUTE /api/facturas/<int:factura_id> -> facturas.actualizar_factura
INFO:src.app:ROUTE /api/facturas -> facturas.crear_factura
INFO:src.app:ROUTE /api/facturas/<int:factura_id> -> facturas.eliminar_factura
INFO:src.app:ROUTE /api/facturas/<int:factura_id>/despachos -> facturas.get_despachos_de_factura
INFO:src.app:ROUTE /api/facturas/<int:factura_id>/despachos -> facturas.set_despachos_de_factura
INFO:src.app:ROUTE /api/facturas/<int:factura_id>/despachos/<int:despacho_id> -> facturas.remove_link
INFO:src.app:ROUTE /api/despachos/<int:despacho_id>/facturas-linked -> facturas.get_facturas_linked_por_despacho
INFO:src.app:ROUTE /zf/grupos -> zf.zf_grupos
INFO:src.app:ROUTE /zf/zfis -> zf.zf_list_zfis
INFO:src.app:ROUTE /zf/grupos -> zf.zf_create_group
INFO:src.app:ROUTE /zf/grupos/<int:group_id>/items -> zf.zf_attach_zfe
INFO:src.app:ROUTE /zf/zfi/<int:zfi_id>/lines -> zf.zfi_lines
INFO:src.app:ROUTE /zf/zfi/<int:zfi_id>/import-from-oc -> zf.import_zfi_lines_from_oc
INFO:src.app:ROUTE /zf/zfi/<int:zfi_id>/summary -> zf.zfi_summary
INFO:src.app:ROUTE /zf/zfe/<int:zfe_id>/lines -> zf.get_zfe_lines
INFO:src.app:ROUTE /zf/zfe/<int:zfe_id>/lines -> zf.save_zfe_lines
INFO:src.app:ROUTE /zf/zfi/<int:zfi_id>/saldo -> zf.zfi_saldo
INFO:src.app:ROUTE /zf/inventario -> zf.zf_inventario
INFO:src.app:ROUTE /zf/movimientos -> zf.zf_movimientos
INFO:src.app:ROUTE /zf/zfi/<int:zfi_id>/detalle -> zf.zf_zfi_detalle
INFO:src.app:ROUTE /zf/zfi/<int:zfi_id>/zfe -> zf.zf_zfi_zfes
INFO:src.app:ROUTE /zf/zfe/<int:zfe_id>/lines/detail -> zf.zf_zfe_lines
INFO:src.app:ROUTE /zf/inventario/<int:zfi_id>/items -> zf.zf_inventario_items
INFO:src.app:ROUTE /zf/movimientos/<int:zfe_id>/items -> zf.zf_movimientos_items
INFO:src.app:ROUTE /api/repositorio/ -> repo.listar_repositorio
INFO:src.app:ROUTE /api/repositorio -> repo.listar_repositorio
INFO:src.app:ROUTE /api/repositorio/_diag -> repo.repo_diag
INFO:src.app:ROUTE /api/servicios/facturas -> servicios.crear_factura_servicio
INFO:src.app:ROUTE /api/servicios/facturas -> servicios.listar_facturas_servicio
INFO:src.app:ROUTE /api/servicios/asignaciones/oc -> servicios.crear_asignacion_oc
INFO:src.app:ROUTE /api/servicios/tipos -> servicios.listar_tipos_servicio
INFO:src.app:ROUTE /api/servicios/inventario -> servicios.inventario_servicios
INFO:waitress:Serving on http://0.0.0.0:5000
